2018-06-12 08:57:54,390 INFO o.a.j.u.JMeterUtils: Setting Locale to en_EN
2018-06-12 08:57:54,424 INFO o.a.j.JMeter: Loading user properties from: /usr/local/Cellar/jmeter/4.0/libexec/bin/user.properties
2018-06-12 08:57:54,425 INFO o.a.j.JMeter: Loading system properties from: /usr/local/Cellar/jmeter/4.0/libexec/bin/system.properties
2018-06-12 08:57:54,432 INFO o.a.j.JMeter: Copyright (c) 1998-2018 The Apache Software Foundation
2018-06-12 08:57:54,432 INFO o.a.j.JMeter: Version 4.0 r1823414
2018-06-12 08:57:54,432 INFO o.a.j.JMeter: java.version=1.8.0_171
2018-06-12 08:57:54,432 INFO o.a.j.JMeter: java.vm.name=Java HotSpot(TM) 64-Bit Server VM
2018-06-12 08:57:54,433 INFO o.a.j.JMeter: os.name=Mac OS X
2018-06-12 08:57:54,433 INFO o.a.j.JMeter: os.arch=x86_64
2018-06-12 08:57:54,433 INFO o.a.j.JMeter: os.version=10.13.4
2018-06-12 08:57:54,433 INFO o.a.j.JMeter: file.encoding=UTF-8
2018-06-12 08:57:54,433 INFO o.a.j.JMeter: Max memory     =1073741824
2018-06-12 08:57:54,433 INFO o.a.j.JMeter: Available Processors =8
2018-06-12 08:57:54,439 INFO o.a.j.JMeter: Default Locale=English (EN)
2018-06-12 08:57:54,439 INFO o.a.j.JMeter: JMeter  Locale=English (EN)
2018-06-12 08:57:54,440 INFO o.a.j.JMeter: JMeterHome=/usr/local/Cellar/jmeter/4.0/libexec
2018-06-12 08:57:54,440 INFO o.a.j.JMeter: user.dir  =/Users/adam.haeger/Projects/mocks
2018-06-12 08:57:54,440 INFO o.a.j.JMeter: PWD       =/Users/adam.haeger/Projects/mocks
2018-06-12 08:57:54,441 INFO o.a.j.JMeter: IP: 192.168.50.47 Name: MacBook-Pro.local FullName: 192.168.50.47
2018-06-12 08:57:57,411 INFO o.a.j.g.a.LookAndFeelCommand: Installing Darcula LAF
2018-06-12 08:57:57,433 INFO o.a.j.g.a.LookAndFeelCommand: Using look and feel: com.bulenkov.darcula.DarculaLaf [Darcula]
2018-06-12 08:57:57,433 INFO o.a.j.JMeter: Setting LAF to: com.bulenkov.darcula.DarculaLaf
2018-06-12 08:57:57,553 INFO o.a.j.JMeter: Loaded icon properties from org/apache/jmeter/images/icon.properties
2018-06-12 08:57:58,064 INFO o.a.j.e.u.CompoundVariable: Note: Function class names must contain the string: '.functions.'
2018-06-12 08:57:58,064 INFO o.a.j.e.u.CompoundVariable: Note: Function class names must not contain the string: '.gui.'
2018-06-12 08:58:00,604 INFO o.a.j.p.h.s.HTTPSamplerBase: Parser for text/html is org.apache.jmeter.protocol.http.parser.LagartoBasedHtmlParser
2018-06-12 08:58:00,605 INFO o.a.j.p.h.s.HTTPSamplerBase: Parser for application/xhtml+xml is org.apache.jmeter.protocol.http.parser.LagartoBasedHtmlParser
2018-06-12 08:58:00,605 INFO o.a.j.p.h.s.HTTPSamplerBase: Parser for application/xml is org.apache.jmeter.protocol.http.parser.LagartoBasedHtmlParser
2018-06-12 08:58:00,605 INFO o.a.j.p.h.s.HTTPSamplerBase: Parser for text/xml is org.apache.jmeter.protocol.http.parser.LagartoBasedHtmlParser
2018-06-12 08:58:00,605 INFO o.a.j.p.h.s.HTTPSamplerBase: Parser for text/vnd.wap.wml is org.apache.jmeter.protocol.http.parser.RegexpHTMLParser
2018-06-12 08:58:00,605 INFO o.a.j.p.h.s.HTTPSamplerBase: Parser for text/css is org.apache.jmeter.protocol.http.parser.CssParser
2018-06-12 08:58:00,936 INFO o.a.j.e.KeyToolUtils: keytool found at 'keytool'
2018-06-12 08:58:00,937 INFO o.a.j.p.h.p.ProxyControl: HTTP(S) Test Script Recorder SSL Proxy will use keys that support embedded 3rd party resources in file /usr/local/Cellar/jmeter/4.0/libexec/bin/proxyserver.jks
2018-06-12 08:58:01,029 INFO o.a.j.s.FileServer: Default base='/Users/adam.haeger/Projects/mocks'
2018-06-12 08:58:01,311 INFO o.a.j.s.SampleResult: Note: Sample TimeStamps are START times
2018-06-12 08:58:01,311 INFO o.a.j.s.SampleResult: sampleresult.default.encoding is set to ISO-8859-1
2018-06-12 08:58:01,311 INFO o.a.j.s.SampleResult: sampleresult.useNanoTime=true
2018-06-12 08:58:01,311 INFO o.a.j.s.SampleResult: sampleresult.nanoThreadSleep=5000
2018-06-12 08:58:10,183 INFO o.a.j.g.a.Load: Loading file: /Users/adam.haeger/Projects/mocks/jMeter/IP-stress-testDPO.jmx
2018-06-12 08:58:10,183 INFO o.a.j.s.FileServer: Set new base='/Users/adam.haeger/Projects/mocks/jMeter'
2018-06-12 08:58:10,357 INFO o.a.j.s.SaveService: Testplan (JMX) version: 2.2. Testlog (JTL) version: 2.2
2018-06-12 08:58:10,381 INFO o.a.j.s.SaveService: Using SaveService properties file encoding UTF-8
2018-06-12 08:58:10,383 INFO o.a.j.s.SaveService: Using SaveService properties version 4.0
2018-06-12 08:58:10,386 INFO o.a.j.s.SaveService: Loading file: /Users/adam.haeger/Projects/mocks/jMeter/IP-stress-testDPO.jmx
2018-06-12 08:58:10,673 INFO o.a.j.s.FileServer: Set new base='/Users/adam.haeger/Projects/mocks/jMeter'
2018-06-12 09:00:07,919 INFO o.a.j.g.a.Load: Loading file: /Users/adam.haeger/Projects/mocks/jMeter/IP-stress-testDPV.jmx
2018-06-12 09:00:07,929 INFO o.a.j.s.FileServer: Set new base='/Users/adam.haeger/Projects/mocks/jMeter'
2018-06-12 09:00:07,929 INFO o.a.j.s.SaveService: Loading file: /Users/adam.haeger/Projects/mocks/jMeter/IP-stress-testDPV.jmx
2018-06-12 09:00:08,069 INFO o.a.j.s.FileServer: Set new base='/Users/adam.haeger/Projects/mocks/jMeter'
2018-06-12 09:00:20,011 INFO o.a.j.g.a.Load: Loading file: /Users/adam.haeger/Projects/mocks/jMeter/IP-stress-testDPF2.jmx
2018-06-12 09:00:20,017 INFO o.a.j.s.FileServer: Set new base='/Users/adam.haeger/Projects/mocks/jMeter'
2018-06-12 09:00:20,017 INFO o.a.j.s.SaveService: Loading file: /Users/adam.haeger/Projects/mocks/jMeter/IP-stress-testDPF2.jmx
2018-06-12 09:00:20,264 INFO o.a.j.s.FileServer: Set new base='/Users/adam.haeger/Projects/mocks/jMeter'
